[1,     1] loss: 0.369 accuracy: 0.0
[1,    11] loss: 3.705 accuracy: 0.020596591755747795
[1,    21] loss: 3.680 accuracy: 0.0394345261156559
[1,    31] loss: 3.673 accuracy: 0.04183467477560043
[1,    41] loss: 3.640 accuracy: 0.04992377758026123
[1,    51] loss: 3.570 accuracy: 0.07659313827753067
[1,    61] loss: 3.291 accuracy: 0.11347335577011108
[1,    71] loss: 2.718 accuracy: 0.15558978915214539
[1,    81] loss: 1.893 accuracy: 0.20543982088565826
[1,    91] loss: 1.525 accuracy: 0.2517170310020447
[1,   101] loss: 1.047 accuracy: 0.2996596395969391
[1,   111] loss: 0.975 accuracy: 0.3413569927215576
[1,   121] loss: 1.010 accuracy: 0.3751291036605835
[1,   131] loss: 0.728 accuracy: 0.4080391228199005
[1,   141] loss: 0.692 accuracy: 0.43833109736442566
[1,   151] loss: 0.678 accuracy: 0.46367964148521423
[1,   161] loss: 0.601 accuracy: 0.4873350262641907
[1,   171] loss: 0.600 accuracy: 0.5090917348861694
[1,   181] loss: 0.629 accuracy: 0.5286170840263367
[1,   191] loss: 0.596 accuracy: 0.5462614297866821
[1,   201] loss: 0.455 accuracy: 0.5631996393203735
[1,   211] loss: 0.472 accuracy: 0.5786433815956116
[1,   221] loss: 0.384 accuracy: 0.5931844115257263
[1,   231] loss: 0.364 accuracy: 0.6065340638160706
[1,   241] loss: 0.324 accuracy: 0.619391918182373
[1,   251] loss: 0.355 accuracy: 0.6313807368278503
[1,   261] loss: 0.317 accuracy: 0.6425107717514038
[1,   271] loss: 0.425 accuracy: 0.6522140502929688
Epoch 1 balanced accuracy: 0.9141338467597961
[2,     1] loss: 0.022 accuracy: 0.9140625
[2,    11] loss: 0.221 accuracy: 0.9382102489471436
[2,    21] loss: 0.228 accuracy: 0.9375
[2,    31] loss: 0.227 accuracy: 0.9380040168762207
[2,    41] loss: 0.306 accuracy: 0.9350228309631348
[2,    51] loss: 0.263 accuracy: 0.9336704015731812
[2,    61] loss: 0.295 accuracy: 0.9337857961654663
[2,    71] loss: 0.199 accuracy: 0.935299277305603
[2,    81] loss: 0.193 accuracy: 0.9370177388191223
[2,    91] loss: 0.252 accuracy: 0.9377575516700745
[2,   101] loss: 0.247 accuracy: 0.9378867149353027
[2,   111] loss: 0.184 accuracy: 0.9381334781646729
[2,   121] loss: 0.213 accuracy: 0.9386621713638306
[2,   131] loss: 0.206 accuracy: 0.939527690410614
[2,   141] loss: 0.257 accuracy: 0.9400487542152405
[2,   151] loss: 0.219 accuracy: 0.9402421116828918
[2,   161] loss: 0.220 accuracy: 0.940265953540802
[2,   171] loss: 0.165 accuracy: 0.9407894611358643
[2,   181] loss: 0.243 accuracy: 0.9412552118301392
[2,   191] loss: 0.216 accuracy: 0.9415494203567505
[2,   201] loss: 0.198 accuracy: 0.9421641826629639
[2,   211] loss: 0.180 accuracy: 0.9424985647201538
[2,   221] loss: 0.213 accuracy: 0.9429793953895569
[2,   231] loss: 0.258 accuracy: 0.9433171153068542
[2,   241] loss: 0.175 accuracy: 0.9439834356307983
[2,   251] loss: 0.185 accuracy: 0.9445655345916748
[2,   261] loss: 0.124 accuracy: 0.9453723430633545
[2,   271] loss: 0.114 accuracy: 0.9462062120437622
Epoch 2 balanced accuracy: 0.9547076225280762
[3,     1] loss: 0.013 accuracy: 0.953125
[3,    11] loss: 0.092 accuracy: 0.96875
[3,    21] loss: 0.100 accuracy: 0.9702380895614624
[3,    31] loss: 0.115 accuracy: 0.9669858813285828
[3,    41] loss: 0.132 accuracy: 0.9670349955558777
[3,    51] loss: 0.106 accuracy: 0.9682904481887817
[3,    61] loss: 0.109 accuracy: 0.9682376384735107
[3,    71] loss: 0.103 accuracy: 0.9685299396514893
[3,    81] loss: 0.090 accuracy: 0.9691358208656311
[3,    91] loss: 0.130 accuracy: 0.9686641693115234
[3,   101] loss: 0.091 accuracy: 0.9693688154220581
[3,   111] loss: 0.101 accuracy: 0.9698761701583862
[3,   121] loss: 0.116 accuracy: 0.9699121713638306
[3,   131] loss: 0.094 accuracy: 0.9701812863349915
[3,   141] loss: 0.113 accuracy: 0.9705784320831299
[3,   151] loss: 0.102 accuracy: 0.9698882699012756
[3,   161] loss: 0.131 accuracy: 0.9698660969734192
[3,   171] loss: 0.113 accuracy: 0.9696637392044067
[3,   181] loss: 0.124 accuracy: 0.9696133136749268
[3,   191] loss: 0.138 accuracy: 0.9691181182861328
[3,   201] loss: 0.146 accuracy: 0.9684779047966003
[3,   211] loss: 0.093 accuracy: 0.968675971031189
[3,   221] loss: 0.130 accuracy: 0.9685025811195374
[3,   231] loss: 0.077 accuracy: 0.9689867496490479
[3,   241] loss: 0.102 accuracy: 0.969301164150238
[3,   251] loss: 0.101 accuracy: 0.9692168831825256
[3,   261] loss: 0.080 accuracy: 0.9693785905838013
[3,   271] loss: 0.119 accuracy: 0.9693554043769836
Epoch 3 balanced accuracy: 0.9660410284996033
[4,     1] loss: 0.004 accuracy: 0.9921875
[4,    11] loss: 0.077 accuracy: 0.9772727489471436
[4,    21] loss: 0.069 accuracy: 0.980654776096344
[4,    31] loss: 0.072 accuracy: 0.9800906777381897
[4,    41] loss: 0.071 accuracy: 0.9788490533828735
[4,    51] loss: 0.067 accuracy: 0.9790135025978088
[4,    61] loss: 0.084 accuracy: 0.9775870442390442
[4,    71] loss: 0.064 accuracy: 0.9779929518699646
[4,    81] loss: 0.053 accuracy: 0.9784915447235107
[4,    91] loss: 0.045 accuracy: 0.9791380763053894
[4,   101] loss: 0.077 accuracy: 0.9790377616882324
[4,   111] loss: 0.047 accuracy: 0.979659378528595
[4,   121] loss: 0.042 accuracy: 0.98017817735672
[4,   131] loss: 0.046 accuracy: 0.9804389476776123
[4,   141] loss: 0.049 accuracy: 0.9807180762290955
[4,   151] loss: 0.054 accuracy: 0.9807533025741577
[4,   161] loss: 0.074 accuracy: 0.980687141418457
[4,   171] loss: 0.078 accuracy: 0.9803545475006104
[4,   181] loss: 0.087 accuracy: 0.9799724221229553
[4,   191] loss: 0.069 accuracy: 0.9799165725708008
[4,   201] loss: 0.049 accuracy: 0.9804881811141968
[4,   211] loss: 0.077 accuracy: 0.9805243015289307
[4,   221] loss: 0.075 accuracy: 0.9804511070251465
[4,   231] loss: 0.034 accuracy: 0.9809253215789795
[4,   241] loss: 0.050 accuracy: 0.9812630414962769
[4,   251] loss: 0.070 accuracy: 0.9811379909515381
[4,   261] loss: 0.099 accuracy: 0.9808129668235779
[4,   271] loss: 0.075 accuracy: 0.9807426333427429
Epoch 4 balanced accuracy: 0.9710069894790649
[5,     1] loss: 0.007 accuracy: 0.96875
[5,    11] loss: 0.044 accuracy: 0.9836648106575012
[5,    21] loss: 0.050 accuracy: 0.984375
[5,    31] loss: 0.053 accuracy: 0.9853830337524414
[5,    41] loss: 0.031 accuracy: 0.9864709973335266
[5,    51] loss: 0.049 accuracy: 0.9863664507865906
[5,    61] loss: 0.024 accuracy: 0.9871925711631775
[5,    71] loss: 0.033 accuracy: 0.987786054611206
[5,    81] loss: 0.021 accuracy: 0.9883294701576233
[5,    91] loss: 0.029 accuracy: 0.9884100556373596
[5,   101] loss: 0.043 accuracy: 0.9880105257034302
[5,   111] loss: 0.034 accuracy: 0.988105297088623
[5,   121] loss: 0.041 accuracy: 0.9878615140914917
[5,   131] loss: 0.034 accuracy: 0.9876550436019897
[5,   141] loss: 0.030 accuracy: 0.987865686416626
[5,   151] loss: 0.052 accuracy: 0.987686276435852
[5,   161] loss: 0.050 accuracy: 0.9873835444450378
[5,   171] loss: 0.042 accuracy: 0.9872075915336609
[5,   181] loss: 0.056 accuracy: 0.9871806502342224
[5,   191] loss: 0.040 accuracy: 0.9872382283210754
[5,   201] loss: 0.044 accuracy: 0.9873678088188171
[5,   211] loss: 0.027 accuracy: 0.9874852299690247
[5,   221] loss: 0.038 accuracy: 0.9874858856201172
[5,   231] loss: 0.038 accuracy: 0.9873511791229248
[5,   241] loss: 0.027 accuracy: 0.9875519275665283
[5,   251] loss: 0.024 accuracy: 0.987674355506897
[5,   261] loss: 0.033 accuracy: 0.9877573847770691
[5,   271] loss: 0.059 accuracy: 0.9875749945640564
Epoch 5 balanced accuracy: 0.9736730456352234
[6,     1] loss: 0.002 accuracy: 0.9921875
[6,    11] loss: 0.038 accuracy: 0.9865056872367859
[6,    21] loss: 0.035 accuracy: 0.988467276096344
[6,    31] loss: 0.029 accuracy: 0.9884072542190552
[6,    41] loss: 0.017 accuracy: 0.9899008870124817
[6,    51] loss: 0.022 accuracy: 0.9908088445663452
[6,    61] loss: 0.025 accuracy: 0.9907786250114441
[6,    71] loss: 0.026 accuracy: 0.9907570481300354
[6,    81] loss: 0.025 accuracy: 0.9908372163772583
[6,    91] loss: 0.021 accuracy: 0.991500735282898
[6,   101] loss: 0.022 accuracy: 0.9918007254600525
[6,   111] loss: 0.025 accuracy: 0.9916244745254517
[6,   121] loss: 0.014 accuracy: 0.9921228885650635
[6,   131] loss: 0.029 accuracy: 0.9918892979621887
[6,   141] loss: 0.018 accuracy: 0.9921320676803589
[6,   151] loss: 0.015 accuracy: 0.9923427104949951
[6,   161] loss: 0.036 accuracy: 0.991896390914917
[6,   171] loss: 0.035 accuracy: 0.991913378238678
[6,   181] loss: 0.031 accuracy: 0.9918422102928162
[6,   191] loss: 0.023 accuracy: 0.9918193817138672
[6,   201] loss: 0.025 accuracy: 0.9918765425682068
[6,   211] loss: 0.021 accuracy: 0.9919283390045166
[6,   221] loss: 0.022 accuracy: 0.9920814633369446
[6,   231] loss: 0.021 accuracy: 0.9920521974563599
[6,   241] loss: 0.025 accuracy: 0.9921227097511292
[6,   251] loss: 0.026 accuracy: 0.9921563863754272
[6,   261] loss: 0.019 accuracy: 0.9920976758003235
[6,   271] loss: 0.025 accuracy: 0.9920145273208618
Epoch 6 balanced accuracy: 0.9748744964599609
[7,     1] loss: 0.001 accuracy: 1.0
[7,    11] loss: 0.011 accuracy: 0.995738685131073
[7,    21] loss: 0.010 accuracy: 0.996651828289032
[7,    31] loss: 0.013 accuracy: 0.9964717626571655
[7,    41] loss: 0.007 accuracy: 0.9967606067657471
[7,    51] loss: 0.009 accuracy: 0.9969363212585449
[7,    61] loss: 0.008 accuracy: 0.9967980980873108
[7,    71] loss: 0.011 accuracy: 0.9969189763069153
[7,    81] loss: 0.015 accuracy: 0.9968171119689941
[7,    91] loss: 0.018 accuracy: 0.9963942766189575
[7,   101] loss: 0.012 accuracy: 0.996519148349762
[7,   111] loss: 0.016 accuracy: 0.9963400959968567
[7,   121] loss: 0.007 accuracy: 0.9965133666992188
[7,   131] loss: 0.013 accuracy: 0.9964814186096191
[7,   141] loss: 0.011 accuracy: 0.9964538812637329
[7,   151] loss: 0.014 accuracy: 0.9964300394058228
[7,   161] loss: 0.027 accuracy: 0.9961180090904236
[7,   171] loss: 0.028 accuracy: 0.9956140518188477
[7,   181] loss: 0.022 accuracy: 0.9954679012298584
[7,   191] loss: 0.026 accuracy: 0.9952143430709839
[7,   201] loss: 0.024 accuracy: 0.9951414465904236
[7,   211] loss: 0.017 accuracy: 0.995001494884491
[7,   221] loss: 0.014 accuracy: 0.9949448704719543
[7,   231] loss: 0.021 accuracy: 0.9948931336402893
[7,   241] loss: 0.029 accuracy: 0.9947161078453064
[7,   251] loss: 0.026 accuracy: 0.9944908022880554
[7,   261] loss: 0.031 accuracy: 0.9941929578781128
[7,   271] loss: 0.013 accuracy: 0.9942631721496582
Epoch 7 balanced accuracy: 0.9743777513504028
Finished Blackbox Training
