DATASET:
  BIOSCAN:
    CHOP_LENGTH: 720
    DIPTERA: NA
    ORDER_NAME: Diptera
    TAXONOMY_NAME: family
  DATA_PATH: NA
  IMAGE_SIZE: (4, 1, 720)
  NAME: bioscan
  NUM_CLASSES: 40
  TEST_BATCH_SIZE: 100
  TEST_DIR: NA
  TRAIN_BATCH_SIZE: 80
  TRAIN_DIR: NA 
  TRAIN_PUSH_BATCH_SIZE: 75
  TRAIN_PUSH_DIR: NA
  TRANFORM_MEAN: ()
  TRANFORM_STD: ()
EXPERIMENT_RUN: 0
MODEL:
  ADD_ON_LAYERS_TYPE: None
  BACKBONE: saved_models/bioscan_cnn_backbone/cnn_test.pth
  DEVICE: cuda
  PROTOTYPE_ACTIVATION_FUNCTION: log
  PROTOTYPE_SHAPE: (1600, 128, 1, 1)
  USE_COSINE: False
OPTIM:
  COEFS:
    CLST: 0.8
    CRS_ENT: 1
    L1: 0.0001
    SEP: -0.08
  JOINT_OPTIMIZER_LAYERS:
    ADD_ON_LAYERS: 0.003
    FEATURES: 0.0001
    LR_STEP_SIZE: 5
    PROTOTYPE_VECTORS: 0.003
    WEIGHT_DECAY: 0.001
  LAST_LAYER_OPTIMIZER_LAYERS:
    LR: 0.0001
  NUM_TRAIN_EPOCHS: 1000
  NUM_WARM_EPOCHS: 5
  PUSH_EPOCHS: [0, 10, 20, 30, 40, 50, 60, 70, 80, 90, 100, 110, 120, 130, 140, 150, 160, 170, 180, 190, 200, 210, 220, 230, 240, 250, 260, 270, 280, 290, 300, 310, 320, 330, 340, 350, 360, 370, 380, 390, 400, 410, 420, 430, 440, 450, 460, 470, 480, 490, 500, 510, 520, 530, 540, 550, 560, 570, 580, 590, 600, 610, 620, 630, 640, 650, 660, 670, 680, 690, 700, 710, 720, 730, 740, 750, 760, 770, 780, 790, 800, 810, 820, 830, 840, 850, 860, 870, 880, 890, 900, 910, 920, 930, 940, 950, 960, 970, 980, 990]
  PUSH_START: 10
  WARM_OPTIMIZER_LAYERS:
    ADD_ON_LAYERS: 0.003
    PROTOTYPE_VECTORS: 0.003
    WEIGHT_DECAY: 0.001
OUTPUT:
  IMG_DIR: saved_models/bioscan_ppnet/000/img
  MODEL_DIR: saved_models/bioscan_ppnet/000
  PROTOTYPE_IMG_FILENAME_PREFIX: prototype-img
  PROTOTYPE_SELF_ACT_FILENAME_PREFIX: prototype-self-act
  PROTO_BOUND_BOXES_FILENAME_PREFIX: bb
  WEIGHT_MATRIX_FILENAME: outputL_weights
===== Getting Relevant Dataloaders =====
=========================================
start training
epoch: 	0
	warm
	train
